10895.E3.6.Acr.hyac.2.20150120.S
10895.E7.19.Lob.hemp.1.20150619.M
10895.E9.2.Tur.sp.1.20150823.S
10895.E1.6.Mon.hisp.1.20140807.M
10895.E5.8.Ste.inte.1.20150307.S
10895.BLANK.8.A11
10895.E3.15.Dip.heli.3.20150120.M
10895.E9.20.Aca.echi.1.20150818.S
10895.E1.5.Gal.astr.1.20140807.T
10895.E9.3.Por.loba.1.20150821.T
10895.E3.2.Tur.reni.1.20150127.M
10895.E9.5.Gal.fasc.1.20150824.T
10895.BLANK.8.C11
10895.E1.19.Sym.sp.1.20140815.S
10895.BLANK.6.2F
10895.E4.2.Egu.fist.1.20150325.M
10895.E7.17.Cyp.micr.2.20150621.S
10895.E3.14.Phy.lich.1.20150129.S
10895.E5.17.Orb.annu.3.20150308.S
10895.E1.17.Cau.furc.1.20140801.DS
10895.E7.17.Fav.spB.1.20150623.T
10895.E4.2.Tub.cocc.1.20150311.S
10895.E5.21.Dip.laby.1.20150308.T
10895.E4.Out.Rho.sp.1.20150312.T
10895.E7.17.Hyd.exes.1.20150622.T
10895.E6.Sed.2.20150521
10895.E4.Unk.Unk.Unkn.1.20150311.M
10895.E8.17.Pec.lact.2.20150723.M
10895.E7.17.Cyp.micr.1.20150621.S
10895.E1.4.Pac.rugo.1.20140814.S
10895.E9.2.Tub.sp.1.20150823.M
10895.E4.20.Aca.echi.1.20150311.S
10895.E10.Acr.cyth.3.20150627.M
10895.E3.11.Fun.sp.1.20150125.M
10895.E9.6.Mon.sp.1.20150817.T
10895.E11.10.Poc.dami.2.20150502.M
10895.E9.4.Pac.spec.1.20150821.M
10895.BLANK.4.6G
10895.BLANK.15.B12
10895.E7.5.Gal.fasc.1.20150621.S
10895.BLANK.6.2C
10895.E9.2.Tur.sp.1.20150821.S
10895.E3.15.Dip.heli.3.20150121.S
10895.E4.7.Pav.fron.1.20150312.S
10895.E4.14.Ple.sinu.1.20150311.T
10895.E4.3.Por.lute.1.20150309.M
10895.E1.5.Gal.astr.1.20140807.S
10895.E7.17.Mer.ampl.1.20150621.T
10895.BLANK.1.5A
10895.E3.19.Sym.sp.1.20150125.S
10895.E3.10.Sty.pist.1.20150127.M
10895.E3.4.Pac.spec.1.20150129.S
10895.E10.Poc.dami.1.20150628.S
10895.E4.20.Aca.echi.1.20150310.S
10895.E9.19.Lob.hemp.1.20150821.M
10895.E4.Sediment.2.20150311
10895.E5.9.Sid.side.2.20150307.T
10895.E9.3.Por.loba.1.20150817.S
10895.E5.9.Sid.side.1.20150307.M
10895.E9.19.Lob.hemp.1.20150821.S
10895.E11.3.Por.loba.3.20150502.M
10895.E1.3.Por.loba.1.20140905.T
10895.E4.6.Acr.cyth.1.20150309.S
10895.E9.3.Gon.sp.1.20150818.S
10895.E3.7.Pav.vari.1.20150127.M
10895.E3.17.Ech.horr.1.20150123.S
10895.E5.21.Dip.laby.2.20150307.M
10895.E7.17.Pla.sine.1.20150622.M
10895.E4.10.Sty.pist.1.20150311.T
10895.E11.3.Por.loba.2.20150502.S
10895.E4.19.Sym.eryt.1.20150305.S
10895.E10.Cyp.sera.1.20150628.M
10895.BLANK.7.E12
10895.E1.11.Psa.cont.1.20140730.S
10895.E3.14.Phy.lich.1.20150129.M
10895.E3.15.Dip.heli.1.20150106.S
10895.E10.Por.hero.3.20150628.S
10895.E7.17.Gon.edwa.2.20150623.T
10895.E3.15.Dip.heli.2.20150119.M
10895.E7.17.Fav.spA.1.20150623.S
10895.E9.2.Tub.sp.2.20150824.M
10895.E5.21.Sco.sp.3.20150306.T
10895.BLANK.3.10G
10895.E3.15.Dip.heli.1.20150123.T
10895.E1.Out.Pal.caes.1.20140809.S
10895.BLANK.8.H11
10895.E1.5.Gal.astr.1.20140905.S
10895.E8.5.Gal.fasc.2.20150723.M
10895.E9.Out.Lob.sp.1.20150823.T
10895.E3.2.Tur.reni.2.20150124.T
10895.BLANK.8.B11
10895.E11.11.Psa.stel.3.20150502.S
10895.E4.19.Lob.hemp.1.20150310.T
10895.E11.10.Poc.eleg.1.20150502.S
10895.BLANK.14.A8
10895.E7.10.Ser.cali.1.20150622.S
10895.BLANK.5.4F
10895.E4.11.Cos.moni.1.20150311.S
10895.E7.6.Acr.hyac.3.20150622.M
10895.E9.Out.Lob.sp.1.20150823.S
10895.E7.6.Mon.aequ.4.20150620.S
10895.E1.10.Poc.dami.1.20140905.M
10895.E1.15.Dip.heli.1.20140815.T
10895.E9.2.Tub.sp.1.20150823.S
10895.E10.17.Gon.favu.1.20150630.M
10895.E3.10.Sty.pist.1.20150124.T
10895.E11.7.Pav.giga.4.20150501.M
10895.E9.10.Poc.verr.1.20150821.T
10895.E11.7.Pav.vari.4.20150502.S
10895.E9.19.Ech.aspe.1.20150820.M
10895.E4.10.Sty.pist.1.20150309.M
10895.E1.19.Sym.sp.1.20140814.S
10895.E4.6.Acr.cyth.1.20150311.M
10895.E4.20.Aca.echi.1.20150310.T
10895.E3.3.Por.cyli.1.20150123.M
10895.E5.16.Mon.cave.4.20150306.T
10895.E4.10.Sty.pist.1.20150311.S
10895.E1.14.Phy.lich.1.20140801.M
10895.E4.14.Ple.sinu.2.20150312.S
10895.E1.17.Cau.furc.1.20140801.T
10895.E9.7.Pav.duer.1.20150824.M
10895.E10.Cyp.micr.1.20150627.S
10895.E6.Sed.2.20150523.1
10895.E1.15.Dip.heli.1.20140905.S
10895.E11.7.Pav.clav.4.20150501.M
10895.E11.7.Pav.vari.2.20150502.S
10895.E10.10.Sty.pist.3.20150630.S
10895.E3.19.Sym.sp.2.20150125.S
10895.E3.6.Acr.hyac.1.20150123.S
10895.E8.17.Ech.lame.2.20150723.M
10895.E3.10.Sty.pist.1.20150124.M
10895.E7.17.Pla.sine.3.20150622.M
10895.BLANK.15.C12
10895.E7.10.Poc.dami.3.20150621.S
10895.E1.10.Sty.pist.1.20140815.S
10895.E3.4.Pac.spec.1.20150128.M
10895.BLANK.10.A7
10895.E1.Water.1.20140809
10895.E4.17.Ech.lame.1.20150310.S
10895.E1.19.Sym.sp.1.20140815.M
10895.E1.19.Sym.sp.1.20140724.M
10895.water.140728
10895.E1.6.Iso.pali.1.20140803.S
10895.E4.3.Por.lute.1.20150311.M
10895.E1.17.Fav.sp.2.20140805.M
10895.E9.17.Lep.phry.1.20150818.M
10895.BLANK.11.E8
10895.E9.9.Pse.taya.1.20150823.M
10895.E9.10.Poc.verr.1.20150821.S
10895.E9.3.Por.lich.1.20150817.T
10895.E11.10.Poc.dami.2.20150502.S
10895.E9.10.Poc.dami.1.20150824.S
10895.E9.Sediment.1.20150823
10895.E11.11.Psa.stel.4.20150502.T
10895.E7.17.Fav.spB.1.20150623.M
10895.E9.2.Tub.sp.1.20150824.S
10895.E3.17.Ech.mamm.1.20150123.T
10895.E10.Alv.alli.3.20150628.S
10895.E7.17.Hyd.exce.1.20150620.M
10895.E3.6.Acr.hyac.2.20150123.T
10895.E11.7.Pav.clav.2.20150501.M
10895.BLANK.15.E12
10895.E11.7.Pav.clav.3.20150501.T
10895.E4.Out.Pal.tube.1.20150312.M
10895.BLANK.6.2G
10895.E1.Sediment.1.20140805
10895.E4.15.Dip.heli.1.20150309.T
10895.E3.15.Dip.heli.2.20150123.S
10895.E9.6.Acr.sp.1.20150824.S
10895.E3.6.Acr.hyac.1.20150106.T
10895.E1.5.Gal.astr.1.20140728.M
10895.E3.15.Dip.heli.3.20150105.M
10895.E3.15.Dip.heli.1.20150118.M
10895.E1.19.Sym.sp.1.20140724.T
10895.E9.19.Ech.aspe.1.20150821.S
10895.E3.15.Dip.heli.2.20150123.T
10895.E3.17.Ech.mamm.1.20150129.M
10895.BLANK.9.E10
10895.E11.3.Por.pana.3.20150501.T
10895.E3.6.Acr.hyac.3.20150106.T
10895.E1.17.Ech.mamm.1.20140815.M
10895.E7.3.Por.loba.3.20150619.M
10895.E5.17.Orb.annu.1.20150305.T
10895.E7.19.Lob.hemp.1.20150619.S
10895.E3.6.Acr.hyac.3.20150121.M
10895.E7.6.Mon.aequ.1.20150620.T
10895.E3.5.Gal.astr.1.20150124.M
10895.E11.3.Por.loba.1.20150502.M
10895.E3.15.Dip.heli.1.20150120.M
10895.E7.10.Ser.cali.3.20150622.T
10895.E4.Out.Sin.poly.1.20150311.M
10895.E11.3.Por.pana.1.20150501.M
10895.E4.17.Pla.daed.1.20150312.M
10895.E3.15.Dip.heli.2.20150121.M
10895.E3.15.Dip.heli.3.20150123.M
10895.E3.6.Acr.hyac.3.20150121.S
10895.E11.7.Pav.vari.3.20150502.S
10895.E9.5.Gal.fasc.1.20150821.T
10895.E1.2.Tur.reni.1.20140730.M
10895.E3.6.Acr.hyac.1.20150123.M
10895.E1.17.Hyd.exes.1.20140803.M
10895.BLANK.2.11G
10895.E11.10.Poc.eleg.4.20150502.T
10895.E3.6.Acr.hyac.4.20150106.T
10895.E1.6.Acr.sp.1.20140726.T
10895.E9.5.Gal.fasc.1.20150821.M
10895.E5.17.Orb.annu.3.20150305.T
10895.E9.11.Fun.sp.1.20150818.T
10895.E10.Poc.dami.2.20150628.T
10895.BLANK.10.H7
10895.E3.6.Acr.hyac.3.20150120.T
10895.E9.3.Por.lich.1.20150817.S
10895.E7.17.Mer.ampl.1.20150621.S
10895.E4.2.Tur.stel.1.20150325.S
10895.E1.17.Cau.furc.1.20140801.M
10895.E7.3.Por.loba.2.20150619.T
10895.E4.11.Her.lima.1.20150312.M
10895.E4.3.Por.lute.1.20150309.S
10895.E9.17.Lep.phry.1.20150818.T
10895.E1.11.Fun.sp.1.20140730.S
10895.E11.7.Pav.vari.3.20150502.T
10895.E1.6.Acr.humi.1.20140731.M
10895.E4.20.Aca.echi.1.20150309.M
10895.E3.15.Dip.heli.1.20150123.S
10895.E9.7.Pav.vari.1.20150823.S
10895.E3.14.Phy.lich.1.20150129.T
10895.E9.19.Ech.aspe.1.20150819.M
10895.E10.Acr.pali.1.20150627.M
10895.E4.15.Dip.heli.1.20150325.TS
10895.E4.19.Sym.radi.1.20150309.T
10895.E7.17.Cyp.micr.3.20150621.M
10895.E3.15.Dip.heli.1.20150105.M
10895.E7.6.Mon.aequ.4.20150620.T
10895.E4.5.Gal.fasc.1.20150311.S
10895.E4.15.Dip.heli.1.20150309.M
10895.E11.7.Pav.giga.2.20150501.S
10895.E7.6.Mon.aequ.2.20150620.M
10895.E1.17.Cau.furc.1.20140801.S
10895.E1.10.Poc.dami.1.20140728.M
10895.E4.17.Hyd.micr.1.20150325.T
10895.E1.17.Hyd.exes.1.20140803.S
10895.BLANK.6.G9
10895.water.140730
10895.E4.2.Tub.cocc.2.20150312.S
10895.BLANK.6.2H
10895.E10.Sty.pist.1.20150628.S
10895.E3.6.Acr.hyac.2.20150105.M
10895.E3.11.Fun.sp.1.20150125.T
10895.BLANK.10.E8
10895.E4.6.Mon.tube.1.20150310.M
10895.E11.7.Pav.vari.4.20150502.M
10895.E3.3.Por.cyli.2.20150123.M
10895.E4.11.Fun.sp.1.20150311.T
10895.BLANK.14.D8
10895.E4.6.Acr.cyth.1.20150311.S
10895.BLANK.7.B12
10895.E3.19.Sym.sp.2.20150125.M
10895.E3.3.Por.cyli.1.20150127.S
10895.E10.Ser.cali.1.20150627.S
10895.E4.17.Ech.lame.1.20150305.S
10895.E8.14.Ple.sinu.2.20150723.M
10895.E4.Out.Mac.phil.1.20150311.T
10895.E9.5.Gal.fasc.1.20150821.S
10895.E9.17.Hyd.micr.1.20150818.T
10895.E10.Acr.pali.2.20150627.S
10895.E1.6.Iso.pali.1.20140815.S
10895.E7.17.Ech.lame.2.20150620.T
10895.E11.7.Pav.clav.1.20150501.S
10895.E8.4.Pac.spec.2.20150723.M
10895.E1.4.Pac.spec.1.20140801.S
10895.E11.3.Por.pana.1.20150501.S
10895.E1.6.Acr.sp.1.20140905.S
10895.E9.9.Pse.taya.1.20150823.T
10895.E7.17.Mer.ampl.3.20150621.M
10895.E4.Out.Rho.sp.1.20150312.M
10895.E3.11.Fun.sp.1.20150127.T
10895.E4.14.Ple.sinu.1.20150311.S
10895.E3.4.Pac.rugo.1.20150128.M
10895.E1.15.Dip.heli.1.20140809.T
10895.E9.Out.Sar.sp.1.20150821.T
10895.E3.10.Sty.pist.1.20150127.S
10895.BLANK.6.4D
10895.E7.7.Pav.vari.1.20150623.T
10895.E10.Alv.alli.2.20150628.S
10895.E4.Out.Sty.sp.1.20150311.W
10895.E7.17.Hyd.exes.1.20150622.S
10895.E7.6.Acr.hyac.1.20150622.S
10895.E3.15.Dip.heli.3.20150105.T
10895.E1.7.Pav.sp.1.20140905.M
10895.E11.7.Pav.vari.2.20150502.M
10895.E3.3.Por.cyli.1.20150127.M
10895.E5.17.Orb.annu.2.20150308.S
10895.BLANK.6.4H
10895.E1.Out.Lob.sp.1.20140803.M
10895.E1.17.Ech.mamm.1.20140728.M
10895.E3.6.Acr.hyac.3.20150105.T
10895.E11.10.Poc.eleg.5.20150502.M
10895.E4.11.Cos.moni.1.20150310.S
10895.BLANK.7.F12
10895.E5.16.Mon.cave.2.20150306.S
10895.E10.Aca.hill.3.20150629.S
10895.E1.4.Pac.rugo.1.20140728.T
10895.E4.17.Myc.elep.1.20150311.S
10895.E5.16.Mon.cave.3.20150306.M
10895.E5.17.Orb.annu.1.20150308.M
10895.E1.4.Pac.rugo.1.20140814.M
10895.E7.6.Acr.hyac.2.20150622.S
10895.E9.3.Por.mont.1.20150819.T
10895.E4.10.Poc.verr.1.20150311.T
10895.E3.15.Dip.heli.1.20150120.T
10895.E3.15.Dip.heli.3.20150120.T
10895.E1.19.Lob.sp.1.20140730.S
10895.E1.7.Pav.sp.1.20140905.S
10895.E3.2.Tur.reni.2.20150124.S
10895.E10.Alv.alli.1.20150628.M
10895.E7.3.Por.loba.4.20150619.M
10895.BLANK.12.G6
10895.E9.7.Pav.vari.1.20150823.M
10895.E4.14.Ple.sinu.2.20150312.M
10895.E3.6.Acr.hyac.1.20150106.M
10895.E11.3.Por.pana.3.20150501.S
10895.BLANK.10.G7
10895.E3.Out.Mil.sp.2.20150125.M
10895.E4.Out.Pal.tube.1.20150312.T
10895.BLANK.15.E5
10895.E1.7.Pav.vari.1.20140805.M
10895.E4.17.Ech.lame.1.20150305.T
10895.E5.17.Orb.annu.1.20150308.S
10895.E7.10.Poc.dami.3.20150621.M
10895.E11.7.Pav.vari.1.20150502.S
10895.E3.15.Dip.heli.1.20150118.S
10895.E7.17.Mer.ampl.1.20150621.M
10895.E4.5.Gal.fasc.1.20150309.S
10895.E11.7.Gar.plan.3.20150501.S
10895.E11.3.Por.pana.3.20150501.M
10895.E3.2.Tur.reni.1.20150124.T
10895.E9.11.Fun.sp.1.20150823.S
10895.water.140724
10895.BLANK.14.B8
10895.E8.5.Gal.fasc.1.20150723.M
10895.E5.17.Orb.fave.3.20150308.S
10895.E5.17.Orb.annu.2.20150308.M
10895.E7.5.Gal.fasc.1.20150622.S
10895.E4.17.Hyd.micr.1.20150311.T
10895.E7.17.Hyd.exce.1.20150620.T
10895.E3.19.Sym.sp.1.20150125.M
10895.E4.17.Ech.lame.1.20150310.M
10895.E7.17.Gon.edwa.2.20150623.S
10895.E4.6.Acr.cyth.1.20150309.T
10895.E9.17.Hyd.micr.1.20150818.S
10895.E3.2.Tur.reni.1.20150124.S
10895.E9.17.Gon.sp.1.20150817.S
10895.E10.Por.hero.1.20150628.T
10895.E9.10.Poc.dami.1.20150817.S
10895.E7.6.Mon.aequ.1.20150620.S
10895.E1.11.Lep.tran.1.20140731.T
10895.E3.6.Acr.hyac.1.20150105.T
10895.E9.19.Lob.hemp.1.20150823.T
10895.E10.Acr.pali.3.20150627.M
10895.E5.17.Orb.fave.2.20150308.M
10895.E7.17.Ech.lame.3.20150620.S
10895.E9.7.Pav.duer.1.20150824.S
10895.E5.9.Sid.side.3.20150307.S
10895.E1.5.Gal.astr.1.20140814.S
10895.E10.10.Sty.pist.1.20150630.T
10895.E11.2.Tub.sp.3.20150501.S
10895.E4.2.Tub.cocc.2.20150312.M
10895.E11.7.Pav.vari.1.20150502.T
10895.BLANK.15.C5
10895.E7.17.Hyd.exes.2.20150622.M
10895.E7.5.Gal.astr.1.20150622.T
10895.E3.15.Dip.heli.3.20150106.S
10895.E5.17.Orb.fave.1.20150308.T
10895.E10.Aca.hill.1.20150629.M
10895.E7.6.Acr.hyac.2.20150622.M
10895.E9.11.Fun.sp.1.20150821.T
10895.E1.3.Por.cyli.1.20140801.S
10895.E10.17.Mon.curt.3.20150629.T
10895.E1.6.Mon.hisp.1.20140807.S
10895.E9.2.Tub.sp.2.20150824.S
10895.E3.15.Dip.heli.2.20150105.S
10895.E5.17.Orb.fave.3.20150308.T
10895.E1.11.Fun.sp.1.20140811.S
10895.E4.6.Acr.cyth.1.20150309.M
10895.E9.3.Por.loba.1.20150821.M
10895.E9.2.Tur.sp.1.20150823.T
10895.E7.17.Ech.lame.1.20150620.T
10895.E7.Sed.1.20150620
10895.E3.6.Acr.hyac.2.20150120.M
10895.E3.6.Acr.hyac.2.20150106.S
10895.E7.17.Pla.sine.2.20150622.S
10895.E3.15.Dip.heli.1.20150121.T
10895.E7.5.Gal.astr.1.20150622.S
10895.E7.10.Poc.dami.2.20150621.S
10895.E11.2.Tub.sp.2.20150501.M
10895.E5.21.Dip.laby.2.20150307.T
10895.E1.Out.Mil.sp.1.20140814.M
10895.E11.3.Por.loba.2.20150502.M
10895.E4.Sediment.1.20150309
10895.E1.10.Poc.dami.1.20140905.S
10895.E10.10.Sty.pist.3.20150630.M
10895.E1.14.Phy.lich.1.20140811.S
10895.E5.16.Mon.cave.1.20150306.T
10895.E11.7.Pav.giga.4.20150501.S
10895.E1.10.Poc.dami.1.20140731.S
10895.E3.15.Dip.heli.2.20150123.M
10895.E10.17.Gon.favu.1.20150629.S
10895.E1.Water.1.20140811
10895.E3.14.Phy.lich.1.20150125.S
10895.E9.20.Aca.echi.1.20150823.S
10895.E3.6.Acr.hyac.1.20150123.T
10895.E3.17.Ech.mamm.1.20150127.M
10895.E1.Water.1.20140730
10895.E9.6.Acr.sp.1.20150817.S
10895.E3.6.Acr.hyac.3.20150105.M
10895.E4.11.Cos.moni.1.20150311.T
10895.E4.15.Dip.heli.2.20150325.T
10895.E9.6.Acr.sp.1.20150817.T
10895.E7.5.Gal.astr.1.20150622.M
10895.E10.Por.hero.2.20150628.T
10895.E3.14.Phy.lich.2.20150125.S
10895.E7.17.Hyd.exce.1.20150620.S
10895.E11.3.Por.loba.1.20150502.S
10895.E10.Acr.cyth.2.20150627.M
10895.BLANK.9.F10
10895.E3.15.Dip.heli.4.20150105.T
10895.E4.15.Dip.heli.1.20150325.M
10895.E9.5.Gal.fasc.1.20150824.M
10895.E7.19.Lob.hemp.2.20150619.M
10895.E9.3.Por.mont.1.20150819.S
10895.E4.11.Cos.moni.1.20150310.T
10895.E9.17.Cyp.sp.1.20150817.S
10895.E11.7.Pav.clav.2.20150501.T
10895.E4.11.Her.lima.1.20150312.S
10895.E9.4.Pac.spec.1.20150821.T
10895.E11.10.Poc.dami.1.20150502.M
10895.E4.11.Cos.moni.2.20150311.S
10895.E4.Out.Aur.auri.1.20150310.T
10895.E3.15.Dip.heli.1.20150119.T
10895.BLANK.8.G11
10895.E1.19.Lob.sp.1.20140730.M
10895.E7.19.Lob.hemp.1.20150621.M
10895.E3.15.Dip.heli.2.20150106.T
10895.E4.2.Tub.cocc.1.20150312.T
10895.BLANK.15.A12
10895.E1.2.Tur.reni.1.20140814.M
10895.negative.lot.PS14J9.1a
10895.BLANK.15.D5
10895.E4.2.Tur.stel.1.20150312.M
10895.E7.10.Poc.dami.1.20150621.T
10895.E5.21.Sco.sp.2.20150306.M
10895.E3.5.Gal.astr.2.20150127.M
10895.E9.2.Tur.irre.1.20150818.S
10895.E3.6.Acr.hyac.2.20150120.T
10895.E9.19.Lob.hemp.1.20150823.S
10895.E3.Out.Pal.caes.2.20150125.M
10895.E9.10.Poc.verr.1.20150819.S
10895.BLANK.10.E7
10895.E7.17.Mer.ampl.2.20150621.S
10895.E4.11.Fun.sp.1.20150310.T
10895.E7.17.Ech.lame.3.20150620.M
10895.E1.11.Fun.sp.1.20140730.T
10895.E4.7.Pav.vari.1.20150311.S
10895.E11.3.Por.pana.4.20150501.S
10895.E4.15.Dip.heli.2.20150325.M
10895.E3.15.Dip.heli.3.20150121.T
10895.E4.5.Gal.fasc.1.20150311.T
10895.E7.10.Ser.cali.1.20150622.M
10895.E8.6.Acr.hyac.2.20150723.M
10895.E4.19.Oxy.lace.1.20150312.S
10895.E3.6.Acr.hyac.1.20150121.M
10895.E9.3.Por.loba.1.20150819.S
10895.E7.17.Ech.lame.2.20150620.S
10895.E7.17.Fav.abdi.1.20150623.T
10895.E9.20.Aca.echi.1.20150823.M
10895.BLANK.10.H10
10895.E10.17.Fav.pali.2.20150630.M
10895.E11.11.Psa.stel.1.20150502.S
10895.E11.11.Psa.stel.1.20150502.T
10895.E1.10.Poc.dami.1.20140905.T
10895.E1.15.Dip.heli.1.20140815.M
10895.E11.7.Pav.clav.4.20150501.T
10895.E3.15.Dip.heli.3.20150121.M
10895.E7.17.Ech.lame.1.20150620.M
10895.E1.17.Ech.mamm.1.20140815.S
10895.E1.Out.Lob.sp.1.20140803.S
10895.BLANK.14.C8
10895.E11.7.Pav.vari.4.20150502.T
10895.E3.15.Dip.heli.2.20150105.M
10895.E5.21.Sco.sp.4.20150306.T
10895.E5.16.Mon.cave.5.20150306.T
10895.E4.Out.Mac.phil.1.20150311.M
10895.E1.17.Ech.lame.1.20140905.M
10895.E1.4.Pac.spec.1.20140811.M
10895.E10.Por.hero.1.20150628.S
10895.E3.3.Por.cyli.2.20150123.T
10895.E1.7.Pav.sp.1.20140905.T
10895.E7.19.Lob.hemp.1.20150621.S
10895.E4.14.Ple.sinu.1.20150311.M
10895.E10.17.Fav.abdi.2.20150630.S
10895.E4.20.Aca.echi.1.20150310.M
10895.E9.17.Hyd.micr.1.20150818.M
10895.E11.10.Poc.eleg.5.20150502.S
10895.E3.Out.Mil.sp.1.20150125.M
10895.E11.7.Pav.giga.4.20150501.T
10895.E1.Water.1.20140807
10895.E9.11.Fun.sp.1.20150821.M
10895.E3.4.Pac.rugo.1.20150127.T
10895.E3.15.Dip.heli.1.20150106.M
10895.E3.5.Gal.astr.2.20150127.S
10895.E8.10.Poc.dami.2.20150723.M
10895.E9.2.Tub.sp.1.20150824.T
10895.E1.6.Iso.pali.1.20140803.T
10895.E9.11.Fun.sp.1.20150818.S
10895.E3.14.Phy.lich.2.20150125.M
10895.E4.4.Pac.spec.1.20150325.S
10895.E1.Water.1.20140728
10895.E1.Sediment.1.20140815
10895.E10.Ser.cali.2.20150627.T
10895.E3.5.Gal.astr.2.20150127.T
10895.E4.7.Pav.vari.1.20150309.T
10895.E9.Sediment.1.20150818
10895.E10.17.Fav.abdi.1.20150630.M
10895.E5.Unk.Unk.Unkn.1.20150306.M
10895.E1.Out.Hel.coer.1.20140811.M
10895.E7.5.Gal.fasc.1.20150622.T
10895.E4.Sediment.1.20150325
10895.E4.17.Myc.elep.1.20150311.T
10895.E10.10.Poc.dami.1.20150630.S
10895.E1.11.Psa.cont.1.20140730.TS
10895.E7.19.Lob.hemp.2.20150619.S
10895.E5.17.Orb.fave.1.20150308.M
10895.E1.Sediment.1.20140814
10895.E10.17.Gon.favu.1.20150630.S
10895.E4.17.Pla.daed.1.20150312.S
10895.E4.2.Tur.stel.1.20150312.T
10895.E5.21.Sco.sp.3.20150306.M
10895.E11.2.Tub.sp.1.20150501.S
10895.E11.10.Poc.dami.1.20150502.S
10895.E9.10.Poc.dami.1.20150817.M
10895.E3.15.Dip.heli.3.20150105.S
10895.E11.10.Poc.eleg.3.20150502.S
10895.E3.7.Pav.vari.1.20150124.S
10895.E11.11.Psa.stel.2.20150502.S
10895.E6.Sed.1.20150523.1
10895.E9.Out.Mil.sp.1.20150818.S
10895.Extraction.kit.negative.2.lot.PS14J9
10895.E1.3.Por.cyli.1.20140815.M
10895.E7.17.Pla.sine.1.20150622.T
10895.E4.Rob.Unk.spec.1.20150325.M
10895.E5.17.Orb.annu.2.20150305.T
10895.BLANK.14.G8
10895.E10.Ser.cali.3.20150627.M
10895.E5.16.Mon.cave.5.20150306.M
10895.E4.3.Gon.sp.1.20150309.T
10895.E3.7.Pav.vari.1.20150124.T
10895.E4.3.Gon.sp.1.20150309.M
10895.E10.10.Sty.pist.1.20150630.S
10895.E11.10.Poc.eleg.1.20150502.T
10895.E4.10.Poc.verr.1.20150309.T
10895.E1.14.Phy.lich.1.20140811.T
10895.E3.15.Dip.heli.1.20150120.S
10895.E5.Out.Sty.rose.3.20150306.TS
10895.E7.17.Fav.abdi.1.20150623.S
10895.E10.10.Sty.pist.2.20150630.M
10895.E1.3.Por.cyli.1.20140815.S
10895.E10.10.Sty.pist.2.20150630.S
10895.E3.5.Gal.astr.2.20150124.S
10895.E6.Sed.1.20150523
10895.E1.6.Mon.hisp.1.20140807.T
10895.E7.19.Lob.hemp.1.20150619.T
10895.E9.10.Poc.dami.1.20150817.T
10895.E9.3.Por.loba.1.20150817.M
10895.E1.Sediment.1.20140807
10895.E9.10.Poc.verr.1.20150818.S
10895.E10.Ser.cali.1.20150627.M
10895.E11.7.Pav.giga.1.20150501.M
10895.negative.lot.PS14J9.1b
10895.E3.15.Dip.heli.4.20150106.T
10895.E4.5.Gal.fasc.1.20150311.M
10895.E4.11.Cos.moni.1.20150310.M
10895.E4.Out.Mil.plat.1.20150309.S
10895.E7.10.Ser.cali.2.20150622.M
10895.E1.Water.1.20140724
10895.BLANK.12.H6
10895.E1.6.Acr.humi.1.20140731.S
10895.E1.17.Fav.sp.1.20140805.S
10895.BLANK.7.A12
10895.E10.Fav.abdi.1.20150629.T
10895.E1.3.Por.loba.1.20140724.S
10895.E11.2.Tub.sp.1.20150501.M
10895.BLANK.2.11E
10895.E5.Out.Sty.rose.1.20150306.TS
10895.E4.14.Ple.sinu.3.20150312.S
10895.E11.7.Pav.giga.3.20150501.S
10895.E11.10.Poc.dami.3.20150502.S
10895.BLANK.3.10H
10895.E1.15.Dip.heli.1.20140726.T
10895.E3.6.Acr.hyac.4.20150105.S
10895.E4.2.Tub.cocc.2.20150312.T
10895.E3.11.Fun.sp.1.20150127.S
10895.E1.7.Pav.veno.1.20140811.S
10895.E4.17.Pla.daed.1.20150311.M
10895.E9.11.Fun.sp.1.20150823.M
10895.E9.3.Por.loba.1.20150819.T
10895.E9.2.Tur.fron.1.20150818.M
10895.E1.10.Sty.pist.1.20140807.M
10895.E10.17.Fav.abdi.2.20150630.T
10895.E3.Out.Pal.caes.1.20150125.S
10895.E4.2.Den.sp.1.20150325.S
10895.E7.10.Poc.dami.3.20150621.T
10895.E1.10.Sty.pist.1.20140815.M
10895.E4.17.Ech.lame.1.20150311.S
10895.E10.Aca.hill.3.20150629.M
10895.E9.5.Gal.fasc.1.20150818.S
10895.E9.2.Tur.irre.1.20150818.T
10895.E5.21.Dip.laby.1.20150307.S
10895.E3.Out.Mil.sp.1.20150125.T
10895.E1.7.Pav.vari.1.20140815.S
10895.E4.2.Den.sp.2.20150325.S
10895.E5.17.Orb.fave.2.20150305.S
10895.E3.6.Acr.hyac.1.20150106.S
10895.B8.stylaster
10895.E4.2.Egu.fist.1.20150325.S
10895.E4.17.Ech.lame.1.20150311.T
10895.E3.11.Fun.sp.2.20150125.M
10895.E3.6.Acr.hyac.1.20150105.M
10895.E9.9.Pse.taya.1.20150824.S
10895.E4.11.Fun.sp.1.20150311.S
10895.E4.5.Gal.fasc.1.20150312.T
10895.E5.17.Orb.fave.3.20150305.M
10895.E9.17.Lep.phry.1.20150818.S
10895.E1.7.Pav.veno.1.20140809.T
10895.E4.Out.Xen.umbe.1.20150312.T
10895.E9.2.Tub.sp.2.20150824.T
10895.E4.2.Egu.fist.1.20150325.T
10895.E4.Out.Het.auro.1.20150312.M
10895.E1.6.Iso.pali.1.20140815.T
10895.E4.11.Fun.sp.1.20150310.S
10895.E11.11.Psa.stel.4.20150502.M
10895.E10.Aca.hill.1.20150629.S
10895.E5.21.Sco.sp.1.20150306.T
10895.E10.17.Fav.abdi.2.20150630.M
10895.E1.2.Tur.stel.1.20140805.M
10895.E10.Acr.cyth.3.20150627.S
10895.E3.17.Ech.mamm.1.20150127.S
10895.E1.15.Dip.heli.1.20140726.M
10895.E9.3.Por.cyli.1.20150817.T
10895.E1.7.Pav.veno.1.20140809.S
10895.E5.8.Ste.inte.5.20150307.M
10895.BLANK.2.11
10895.E7.17.Pla.sine.1.20150622.S
10895.E3.15.Dip.heli.1.20150123.M
10895.E8.17.Cyp.micr.2.20150723.M
10895.E10.10.Sty.pist.1.20150630.M
10895.E9.20.Aca.echi.1.20150823.T
10895.E4.2.Den.sp.1.20150325.M
10895.E9.7.Pav.veno.1.20150818.S
10895.E11.11.Psa.stel.2.20150502.T
10895.E9.20.Aca.echi.1.20150820.T
10895.E1.19.Lob.sp.1.20140809.T
10895.E5.16.Mon.cave.4.20150306.S
10895.BLANK.10.A8
10895.BLANK.14.F8
10895.E9.3.Gon.sp.1.20150818.M
10895.E5.8.Ste.inte.3.20150307.T
10895.E9.3.Por.lich.1.20150817.M
10895.E1.Out.Hel.coer.1.20140811.T
10895.E7.3.Por.loba.1.20150619.T
10895.E3.6.Acr.hyac.3.20150123.S
10895.E9.Sediment.1.20150817
10895.E1.17.Fav.sp.1.20140805.M
10895.E1.7.Pav.vari.1.20140815.M
10895.E3.6.Acr.hyac.3.20150105.S
10895.E1.5.Gal.astr.1.20140728.S
10895.BLANK.3.10E
10895.E4.11.Pod.sina.1.20150311.S
10895.E11.10.Poc.eleg.5.20150502.T
10895.BLANK.4.6H
10895.E9.17.Gon.sp.1.20150817.M
10895.BLANK.8.F11
10895.E7.6.Mon.aequ.4.20150620.M
10895.E7.17.Fav.spA.2.20150623.S
10895.E5.8.Ste.inte.4.20150307.T
10895.E3.19.Sym.sp.2.20150125.T
10895.E7.3.Por.loba.4.20150619.S
10895.E1.17.Hyd.exes.1.20140803.T
10895.E4.17.Gon.sp.1.20150311.T
10895.E1.15.Dip.heli.1.20140905.M
10895.E4.3.Por.lute.1.20150311.S
10895.E3.14.Phy.lich.2.20150125.T
10895.E4.Out.Aur.auri.2.20150310.T
10895.E7.3.Por.loba.3.20150619.T
10895.E1.Water.1.20140726
10895.E4.Out.Dis.viol.1.20150309.TS
10895.E3.2.Tur.reni.2.20150124.M
10895.E4.19.Sym.eryt.1.20150325.T
10895.E1.11.Psa.digi.1.20140807.S
10895.E1.10.Poc.dami.1.20140731.M
10895.E4.10.Sty.pist.1.20150309.T
10895.E7.7.Pav.vari.1.20150623.S
10895.BLANK.9.H10
10895.E7.6.Acr.hyac.1.20150622.M
10895.E10.17.Gon.favu.1.20150630.T
10895.BLANK.10.C7
10895.BLANK.10.D8
10895.E1.15.Dip.heli.1.20140815.S
10895.E1.Out.Pal.caes.1.20140815.M
10895.E1.6.Iso.pali.1.20140815.M
10895.E9.Out.Sar.sp.1.20150821.M
10895.E11.7.Pav.clav.2.20150501.S
10895.E4.6.Mon.tube.1.20150325.S
10895.E7.17.Fav.abdi.1.20150623.M
10895.E1.3.Por.loba.1.20140724.M
10895.E9.7.Pav.sp.1.20150817.M
10895.E4.19.Oxy.lace.1.20150312.M
10895.E10.17.Gon.favu.1.20150629.T
10895.E3.10.Sty.pist.2.20150124.M
10895.E5.8.Ste.inte.2.20150307.M
10895.E10.Alv.alli.2.20150628.T
10895.E11.10.Poc.dami.4.20150502.S
10895.E4.14.Ple.sinu.3.20150312.T
10895.E9.6.Acr.sp.1.20150819.M
10895.E9.19.Lob.hemp.1.20150823.M
10895.E4.11.Pod.sina.1.20150325.M
10895.E10.10.Sty.pist.3.20150630.T
10895.E1.7.Pav.vari.1.20140805.T
10895.E3.6.Acr.hyac.2.20150105.T
10895.E3.6.Acr.hyac.4.20150106.M
10895.E4.Out.Aip.sp.2.20150310.T
10895.E7.6.Acr.hyac.1.20150622.T
10895.E3.10.Sty.pist.2.20150124.S
10895.E5.21.Sco.sp.3.20150306.S
10895.E3.15.Dip.heli.2.20150119.T
10895.E11.10.Poc.eleg.1.20150502.M
10895.E10.Cyp.sera.2.20150628.T
10895.E4.19.Sym.eryt.1.20150305.M
10895.E3.4.Pac.rugo.1.20150127.S
10895.E5.21.Sco.sp.2.20150306.S
10895.E10.Aca.hill.2.20150629.T
10895.E1.17.Ech.lame.1.20140905.T
10895.E1.3.Por.loba.1.20140724.T
10895.E3.15.Dip.heli.2.20150105.T
10895.E3.5.Gal.astr.2.20150124.M
10895.E5.8.Ste.inte.3.20150307.M
10895.E6.Sed.1.20150521.1
10895.BLANK.10.G10
10895.E7.Sed.1.20150623
10895.E3.4.Pac.rugo.1.20150128.S
10895.E7.17.Cyp.micr.2.20150621.M
10895.E4.6.Acr.cyth.1.20150311.T
10895.E10.Poc.dami.1.20150628.M
10895.E1.Out.Pal.caes.1.20140809.M
10895.E5.Sediment.1.20150307
10895.E10.Sed.1.20150627
10895.E9.11.Fun.sp.1.20150821.S
10895.E9.2.Tub.sp.1.20150823.T
10895.E7.Sed.1.20150619
10895.BLANK.10.B8
10895.E5.17.Orb.fave.3.20150308.M
10895.E1.11.Psa.digi.1.20140807.M
10895.E1.15.Dip.heli.1.20140809.M
10895.E4.19.Lob.hemp.1.20150310.M
10895.E9.20.Aca.echi.1.20150818.T
10895.E4.19.Lob.hemp.1.20150310.S
10895.E10.Ser.cali.1.20150627.T
10895.E11.3.Por.pana.4.20150501.T
10895.BLANK.2.1H
10895.E9.20.Aca.echi.1.20150820.M
10895.E4.17.Pla.daed.1.20150311.T
10895.E9.6.Mon.sp.1.20150817.S
10895.E1.7.Pav.vari.1.20140815.T
10895.Extraction.kit.negative.1.lot.PS14J9
10895.E6.Sed.2.20150520
10895.E10.Por.hero.2.20150628.M
10895.E10.Por.hero.2.20150628.S
10895.E7.17.Cyp.micr.1.20150621.M
10895.E10.Cyp.sera.2.20150628.M
10895.E1.15.Dip.heli.1.20140905.T
10895.BLANK.7.H4
10895.BLANK.10.F8
10895.E4.6.Mon.tube.1.20150310.S
10895.BLANK.6.2E
10895.E4.11.Her.lima.1.20150312.T
10895.E5.17.Orb.annu.3.20150308.M
10895.E10.Mon.curt.1.20150629.M
10895.E9.4.Pac.spec.1.20150823.T
10895.E3.17.Ech.mamm.1.20150129.T
10895.E1.6.Acr.sp.1.20140905.T
10895.E7.3.Por.loba.3.20150619.S
10895.E10.Aca.hill.1.20150629.T
10895.E1.2.Tur.reni.1.20140730.T
10895.E4.19.Sym.eryt.1.20150325.M
10895.E10.Por.hero.1.20150628.M
10895.E3.15.Dip.heli.2.20150120.T
10895.E1.Out.Mil.sp.1.20140814.S
10895.E11.3.Por.loba.1.20150502.T
10895.E9.19.Ech.aspe.1.20150821.T
10895.E4.19.Sym.radi.1.20150309.M
10895.E5.17.Orb.annu.1.20150305.S
10895.E11.7.Pav.giga.3.20150501.T
10895.E10.Sed.1.20150630
10895.E1.5.Gal.astr.1.20140814.M
10895.BLANK.7.D12
10895.E9.Out.Sti.giga.1.20150823.M
10895.E4.Sediment.1.20150311
10895.E11.10.Poc.dami.1.20150502.T
10895.E8.17.Cyp.micr.1.20150723.M
10895.E11.7.Gar.plan.1.20150502.M
10895.E11.10.Poc.eleg.2.20150502.M
10895.E4.11.Fun.coro.1.20150309.M
10895.BLANK.6.4E
10895.E11.10.Poc.eleg.3.20150502.T
10895.BLANK.8.E11
10895.E3.11.Fun.sp.2.20150125.S
10895.E1.5.Gal.astr.1.20140905.M
10895.E1.Water.1.20140805
10895.E7.17.Myc.elep.1.20150622.T
10895.E8.10.Poc.dami.1.20150723.M
10895.E9.3.Por.loba.1.20150819.M
10895.E9.Out.Mil.sp.1.20150821.S
10895.E8.11.Lit.repa.1.20150723.M
10895.E11.7.Gar.plan.1.20150501.M
10895.E11.7.Pav.clav.3.20150501.S
10895.E11.7.Gar.plan.1.20150501.T
10895.E9.17.Lep.phry.1.20150819.M
10895.E7.17.Mer.ampl.2.20150621.T
10895.E9.10.Poc.verr.1.20150821.M
10895.E3.15.Dip.heli.1.20150106.T
10895.E9.10.Poc.verr.1.20150819.T
10895.E10.Sty.pist.1.20150628.M
10895.E4.7.Pav.vari.1.20150309.S
10895.E3.15.Dip.heli.3.20150123.T
10895.E7.7.Pav.vari.2.20150622.S
10895.E3.2.Tur.reni.1.20150127.S
10895.E7.10.Poc.dami.2.20150621.T
10895.E10.17.Gon.favu.1.20150629.M
10895.E10.Poc.dami.2.20150628.M
10895.E1.11.Lep.tran.1.20140731.M
10895.E1.11.Fun.sp.1.20140730.M
10895.E4.11.Cos.moni.2.20150311.T
10895.E3.6.Acr.hyac.1.20150120.M
10895.E3.6.Acr.hyac.3.20150123.M
10895.E11.3.Por.loba.3.20150502.T
10895.E5.17.Orb.fave.2.20150305.M
10895.E4.Out.Mil.plat.1.20150309.T
10895.E11.10.Poc.dami.2.20150502.T
10895.E7.3.Por.loba.2.20150619.S
10895.E7.7.Pav.vari.1.20150622.M
10895.E7.17.Fav.spC.1.20150623.T
10895.E3.6.Acr.hyac.2.20150123.M
10895.E3.4.Pac.rugo.1.20150127.M
10895.E4.10.Sty.pist.1.20150311.M
10895.E10.17.Fav.abdi.1.20150630.T
10895.E9.3.Por.loba.1.20150817.T
10895.E1.Out.Pal.caes.1.20140815.S
10895.E5.17.Orb.annu.1.20150308.T
10895.E1.3.Por.loba.1.20140905.S
10895.E3.6.Acr.hyac.2.20150106.T
10895.E7.6.Acr.hyac.2.20150622.T
10895.E9.17.Cyp.sp.1.20150817.M
10895.E4.5.Gal.fasc.1.20150312.M
10895.E11.2.Tub.sp.2.20150501.T
10895.E5.9.Sid.side.1.20150307.T
10895.E1.10.Sty.pist.1.20140815.T
10895.E4.17.Hyd.micr.1.20150311.M
10895.E3.6.Acr.hyac.1.20150118.S
10895.E1.2.Tur.stel.1.20140805.T
10895.E7.7.Pav.vari.2.20150622.T
10895.E5.8.Ste.inte.2.20150307.S
10895.BLANK.6.4G
10895.E1.Out.Mil.sp.1.20140731.S
10895.E7.19.Lob.hemp.1.20150621.T
10895.E11.7.Pav.clav.1.20150501.M
10895.E9.3.Por.loba.2.20150817.T
10895.E11.7.Pav.vari.3.20150502.M
10895.E10.Mon.curt.2.20150629.S
10895.E3.17.Ech.mamm.1.20150123.M
10895.E1.19.Lob.sp.1.20140730.T
10895.E4.11.Cte.echi.1.20150325.S
10895.E5.Unk.Unk.Unkn.1.20150306.T
10895.E11.2.Tub.sp.1.20150501.T
10895.E1.7.Pav.veno.1.20140811.M
10895.E7.7.Pav.vari.1.20150622.S
10895.E4.17.Gon.sp.1.20150311.M
10895.E5.9.Sid.side.3.20150307.M
10895.E7.17.Fav.spA.1.20150623.M
10895.E10.Ser.cali.2.20150627.S
10895.BLANK.15.B5
10895.E4.11.Cte.echi.1.20150325.M
10895.E1.17.Fav.sp.2.20140805.T
10895.E4.4.Pac.spec.1.20150325.M
10895.E10.Acr.cyth.2.20150627.T
10895.E10.Cyp.sera.2.20150628.S
10895.E4.2.Tub.cocc.1.20150311.T
10895.E7.17.Ech.lame.1.20150620.S
10895.E4.10.Sty.pist.1.20150309.S
10895.E10.Acr.cyth.3.20150627.T
10895.E7.17.Cyp.micr.1.20150621.T
10895.E11.10.Poc.eleg.2.20150502.S
10895.E11.10.Poc.dami.4.20150502.M
10895.E1.4.Pac.spec.1.20140801.T
10895.BLANK.10.F10
10895.E7.10.Poc.dami.1.20150621.S
10895.E9.6.Acr.sp.1.20150819.S
10895.E3.4.Pac.spec.1.20150128.S
10895.E5.9.Sid.side.1.20150307.S
10895.E5.16.Mon.cave.3.20150306.T
10895.E4.17.Ech.lame.1.20150311.M
10895.E7.10.Poc.dami.1.20150621.M
10895.E3.15.Dip.heli.1.20150121.M
10895.E10.Acr.pali.3.20150627.T
10895.E10.17.Fav.pali.1.20150630.M
10895.E9.11.Fun.sp.1.20150818.M
10895.E1.6.Acr.sp.1.20140726.S
10895.E10.Alv.alli.1.20150628.T
10895.E5.17.Orb.annu.3.20150305.S
10895.E11.7.Pav.giga.1.20150501.T
10895.E10.Sed.1.20150628
10895.E9.3.Por.cyli.1.20150817.S
10895.E9.2.Tub.sp.1.20150824.M
10895.E11.10.Poc.dami.3.20150502.T
10895.E11.2.Tub.sp.4.20150501.T
10895.E11.2.Tub.sp.3.20150501.T
10895.E8.17.Pec.lact.1.20150723.M
10895.E1.2.Tur.reni.1.20140730.S
10895.E7.3.Por.loba.1.20150619.M
10895.E4.Sediment.1.20150312
10895.E1.19.Lob.sp.1.20140809.M
10895.E7.17.Ech.lame.3.20150620.T
10895.E3.15.Dip.heli.4.20150105.M
10895.E11.7.Pav.clav.1.20150501.T
10895.E11.7.Gar.plan.2.20150501.M
10895.E4.17.Hyd.micr.1.20150311.S
10895.BLANK.10.H8
10895.E9.7.Pav.duer.1.20150824.T
10895.E5.17.Orb.annu.3.20150305.M
10895.E9.20.Aca.echi.1.20150818.M
10895.E9.5.Gal.fasc.1.20150824.S
10895.E3.5.Gal.astr.1.20150124.T
10895.E9.2.Tur.sp.1.20150823.M
10895.E3.11.Fun.sp.2.20150125.T
10895.E10.Ser.cali.3.20150627.S
10895.E11.7.Gar.plan.3.20150501.M
10895.E1.15.Dip.heli.1.20140809.S
10895.E1.3.Por.loba.1.20140726.M
10895.E1.17.Ech.lame.1.20140905.S
10895.E4.3.Gon.sp.1.20150312.M
10895.E4.Rob.Unk.spec.1.20150325.T
10895.E4.2.Den.sp.2.20150325.M
10895.E1.15.Dip.heli.1.20140726.S
10895.E9.10.Poc.verr.1.20150818.T
10895.E4.17.Pla.daed.1.20150312.T
10895.E4.7.Pav.fron.1.20150312.T
10895.E10.10.Poc.dami.1.20150630.T
10895.E7.5.Gal.fasc.1.20150622.M
10895.E3.7.Pav.vari.1.20150127.S
10895.E9.19.Ech.aspe.1.20150819.T
10895.E3.7.Pav.vari.1.20150127.T
10895.E5.17.Orb.fave.2.20150308.T
10895.E10.Poc.dami.2.20150628.S
10895.E10.Acr.pali.3.20150627.S
10895.E1.17.Fav.sp.1.20140805.T
10895.E6.Sed.1.20150521
10895.E3.17.Ech.mamm.1.20150123.S
10895.E3.15.Dip.heli.3.20150106.M
10895.E5.17.Orb.annu.2.20150308.T
10895.BLANK.15.A5
10895.E1.Water.1.20140801
10895.E1.17.Ech.mamm.1.20140728.T
10895.E5.16.Mon.cave.3.20150306.S
10895.E1.10.Sty.pist.1.20140807.S
10895.E1.19.Sym.sp.1.20140905.S
10895.BLANK.13.F9
10895.E3.15.Dip.heli.3.20150120.S
10895.E5.17.Orb.annu.2.20150305.M
10895.E3.Out.Pal.caes.2.20150125.S
10895.E1.Water.1.20140815
10895.E10.17.Mon.curt.3.20150629.M
10895.E11.3.Por.pana.4.20150501.M
10895.E5.21.Dip.laby.1.20150308.S
10895.E8.14.Ple.sinu.1.20150723.M
10895.E3.6.Acr.hyac.3.20150120.S
10895.E1.Water.1.20140803
10895.E3.6.Acr.hyac.2.20150105.S
10895.E4.Out.Xen.umbe.1.20150311.M
10895.E3.6.Acr.hyac.2.20150121.S
10895.E4.Out.Aip.sp.1.20150310.T
10895.E9.4.Pac.spec.1.20150821.S
10895.BLANK.15.F5
10895.E7.17.Fav.spB.1.20150623.S
10895.E4.2.Tub.cocc.1.20150311.M
10895.E3.15.Dip.heli.1.20150119.S
10895.E10.Acr.cyth.2.20150627.S
10895.E4.2.Den.sp.2.20150325.T
10895.E1.3.Por.cyli.1.20140801.M
10895.E11.11.Psa.stel.2.20150502.M
10895.E3.4.Pac.rugo.1.20150128.T
10895.E3.15.Dip.heli.2.20150121.T
10895.E10.17.Fav.pali.2.20150630.S
10895.E3.10.Sty.pist.1.20150127.T
10895.E3.2.Tur.reni.1.20150124.M
10895.E1.2.Tur.pelt.1.20140814.M
10895.E10.Acr.cyth.1.20150627.T
10895.E10.10.Poc.dami.1.20150630.M
10895.E9.6.Acr.sp.1.20150819.T
10895.E1.11.Lep.tran.1.20140731.S
10895.E4.19.Oxy.lace.1.20150312.T
10895.BLANK.4.6E
10895.E1.Out.Pal.caes.1.20140809.T
10895.E1.Out.Hel.coer.1.20140811.S
10895.E10.Aca.hill.3.20150629.T
10895.E4.Out.Aur.auri.1.20150312.T
10895.E3.3.Por.cyli.1.20150127.T
10895.E1.19.Sym.sp.1.20140814.T
10895.E1.17.Fav.sp.2.20140805.S
10895.E3.6.Acr.hyac.4.20150105.T
10895.E4.Out.Ent.quad.1.20150312.M
10895.E3.10.Sty.pist.2.20150124.T
10895.E10.Aca.hill.2.20150629.S
10895.E10.Alv.alli.3.20150628.T
10895.E1.Sediment.1.20140731
10895.E10.Cyp.micr.1.20150627.M
10895.E10.17.Fav.pali.3.20150630.M
10895.E3.6.Acr.hyac.2.20150121.T
10895.E7.6.Mon.aequ.1.20150620.M
10895.E3.4.Pac.spec.1.20150128.T
10895.E1.Sediment.1.20140801
10895.E4.20.Aca.echi.1.20150309.T
10895.E1.19.Lob.sp.1.20140809.S
10895.E1.17.Fav.sp.1.20140811.M
10895.E3.Out.Pal.caes.2.20150125.T
10895.E9.3.Por.mont.1.20150819.M
10895.E1.4.Pac.rugo.1.20140728.M
10895.E5.17.Orb.fave.3.20150305.T
10895.E3.14.Phy.lich.1.20150125.T
10895.E5.21.Dip.laby.1.20150308.M
10895.E1.2.Tur.pelt.1.20140814.S
10895.E5.21.Sco.sp.4.20150306.S
10895.E9.6.Acr.sp.1.20150824.M
10895.E9.17.Lep.phry.1.20150819.S
10895.E9.3.Por.loba.2.20150817.S
10895.E5.9.Sid.side.2.20150307.M
10895.E3.7.Pav.vari.1.20150124.M
10895.E7.17.Cyp.micr.3.20150621.T
10895.E4.11.Fun.coro.1.20150309.T
10895.E10.17.Fav.pali.2.20150630.T
10895.E11.10.Poc.dami.4.20150502.T
10895.E4.17.Hyd.micr.1.20150325.S
10895.BLANK.2.11F
10895.E4.11.Cte.echi.1.20150325.T
10895.E5.16.Mon.cave.4.20150306.M
10895.E5.8.Ste.inte.5.20150307.T
10895.E1.Water.1.20140726.2
10895.E4.Out.Mne.sp.1.20150310.T
10895.E4.Out.Sin.poly.1.20150311.T
10895.E1.10.Poc.dami.1.20140731.T
10895.E10.Poc.dami.1.20150628.T
10895.E4.3.Por.lute.1.20150311.T
10895.E5.16.Mon.cave.5.20150306.S
10895.E11.7.Gar.plan.1.20150502.S
10895.E1.Out.Mil.sp.1.20140731.T
10895.E4.10.Poc.verr.1.20150311.M
10895.E8.6.Acr.hyac.1.20150723.M
10895.E11.7.Pav.clav.3.20150501.M
10895.E11.7.Gar.plan.2.20150501.T
10895.E3.19.Sym.sp.1.20150127.T
10895.E7.19.Lob.hemp.2.20150619.T
10895.E9.10.Poc.verr.1.20150818.M
10895.E11.7.Pav.giga.3.20150501.M
10895.E4.2.Egu.fist.2.20150325.M
10895.E10.17.Gon.favu.2.20150630.S
10895.E4.2.Den.sp.1.20150325.T
10895.E7.6.Mon.aequ.2.20150620.S
10895.E7.17.Pla.sine.2.20150622.M
10895.E7.17.Fav.abdi.2.20150623.S
10895.E1.19.Sym.sp.1.20140905.M
10895.E3.15.Dip.heli.1.20150119.M
10895.E3.Out.Pal.caes.1.20150125.T
10895.E4.14.Ple.sinu.1.20150312.S
10895.E9.3.Por.cyli.1.20150817.M
10895.E4.10.Poc.verr.1.20150309.M
10895.E9.6.Acr.sp.1.20150817.M
10895.E10.Fav.abdi.1.20150629.S
10895.E7.17.Fav.spA.2.20150623.T
10895.E1.3.Por.cyli.1.20140801.T
10895.E1.4.Pac.spec.1.20140811.S
10895.E3.15.Dip.heli.1.20150118.T
10895.BLANK.13.G9
10895.E7.17.Gon.edwa.1.20150623.T
10895.E5.21.Dip.laby.1.20150307.M
10895.E4.2.Tub.cocc.2.20150312.TS
10895.E4.2.Tub.cocc.1.20150312.M
10895.E7.10.Ser.cali.3.20150622.M
10895.E3.4.Pac.spec.1.20150129.M
10895.E5.8.Ste.inte.1.20150307.M
10895.BLANK.7.H12
10895.E3.3.Por.cyli.1.20150123.T
10895.E7.6.Acr.hyac.3.20150622.T
10895.E3.15.Dip.heli.2.20150119.S
10895.E9.19.Ech.aspe.1.20150821.M
10895.BLANK.6.2B
10895.E4.Sediment.2.20150309
10895.E7.10.Poc.dami.2.20150621.M
10895.E4.15.Dip.heli.2.20150325.S
10895.E1.3.Por.cyli.1.20140815.T
10895.E4.2.Egu.fist.2.20150325.S
10895.E11.7.Pav.vari.1.20150502.M
10895.BLANK.14.E8
10895.E5.17.Orb.fave.2.20150308.S
10895.E11.11.Psa.stel.4.20150502.S
10895.E3.6.Acr.hyac.1.20150120.T
10895.E4.10.Poc.verr.1.20150305.T
10895.E9.10.Poc.dami.1.20150824.M
10895.E11.3.Por.pana.2.20150501.T
10895.E4.Out.Pal.tube.2.20150312.M
10895.BLANK.10.D7
10895.E4.14.Ple.sinu.2.20150312.T
10895.E10.Sty.pist.1.20150628.T
10895.E9.20.Aca.echi.1.20150820.S
10895.E5.8.Ste.inte.4.20150307.M
10895.BLANK.10.B7
10895.E3.15.Dip.heli.1.20150121.S
10895.E1.11.Fun.sp.1.20140811.M
10895.E7.17.Cyp.micr.3.20150621.S
10895.E4.14.Ple.sinu.1.20150311.S.2
10895.E5.Out.Sty.rose.2.20150306.TS
10895.E11.2.Tub.sp.2.20150501.S
10895.E4.11.Fun.coro.1.20150309.S
10895.E1.7.Pav.vari.1.20140805.S
10895.E1.14.Phy.lich.1.20140801.T
10895.E3.4.Pac.spec.1.20150129.T
10895.E9.2.Tur.fron.1.20150818.T
10895.E4.20.Aca.echi.1.20150309.S
10895.E11.3.Por.loba.4.20150502.M
10895.E5.21.Sco.sp.4.20150306.M
10895.E7.10.Ser.cali.1.20150622.T
10895.E9.10.Poc.verr.1.20150819.M
10895.E7.10.Ser.cali.2.20150622.S
10895.E7.3.Por.loba.4.20150619.T
10895.E5.21.Dip.laby.2.20150307.S
10895.E9.7.Pav.veno.1.20150818.M
10895.E11.10.Poc.eleg.4.20150502.M
10895.E10.17.Fav.pali.1.20150630.T
10895.E1.11.Psa.digi.1.20140807.T
10895.E4.17.Hyd.micr.1.20150325.M
10895.BLANK.10.F7
10895.E11.7.Gar.plan.1.20150501.S
10895.E4.2.Tur.stel.1.20150312.S
10895.BLANK.3.10F
10895.BLANK.9.G10
10895.E10.Mon.curt.1.20150629.T
10895.E4.11.Pod.sina.1.20150325.S
10895.E1.2.Tur.pelt.1.20140814.T
10895.E4.11.Fun.sp.1.20150311.M
10895.E4.7.Pav.vari.1.20150311.T
10895.E9.7.Pav.sp.1.20150817.T
10895.E9.4.Pac.spec.1.20150823.M
10895.E4.11.Fun.sp.1.20150310.M
10895.E9.19.Lob.hemp.1.20150821.T
10895.E10.17.Fav.abdi.1.20150630.S
10895.water.140726
10895.E3.19.Sym.sp.1.20150127.M
10895.E3.5.Gal.astr.2.20150124.T
10895.E8.17.Mer.ampl.2.20150723.M
10895.E6.Sed.2.20150523
10895.E3.2.Tur.reni.1.20150127.T
10895.E8.4.Pac.spec.1.20150723.M
10895.E11.3.Por.loba.4.20150502.S
10895.BLANK.11.F8
10895.E9.17.Cyp.sp.1.20150817.T
10895.E1.17.Ech.mamm.1.20140728.S
10895.E5.9.Sid.side.2.20150307.S
10895.E7.17.Fav.spA.1.20150623.T
10895.E3.15.Dip.heli.2.20150106.M
10895.E9.3.Por.loba.2.20150817.M
10895.E4.5.Gal.fasc.1.20150309.T
10895.E7.6.Mon.aequ.2.20150620.T
10895.E3.15.Dip.heli.2.20150120.M
10895.E7.7.Pav.vari.1.20150622.T
10895.E7.5.Gal.fasc.1.20150621.M
10895.E7.10.Ser.cali.3.20150622.S
10895.E3.15.Dip.heli.3.20150123.S
10895.E11.3.Por.pana.2.20150501.S
10895.E4.17.Ech.lame.1.20150305.M
10895.E1.19.Sym.sp.1.20140905.T
10895.E9.2.Tur.irre.1.20150818.M
10895.E7.17.Gon.edwa.1.20150623.S
10895.E5.17.Orb.annu.3.20150308.T
10895.E9.9.Pse.taya.1.20150824.T
10895.E10.Mon.curt.2.20150629.M
10895.E4.2.Egu.fist.2.20150325.T
10895.E11.10.Poc.dami.3.20150502.M
10895.E1.7.Pav.veno.1.20140811.T
10895.E11.11.Psa.stel.3.20150502.T
10895.E4.11.Pod.sina.1.20150325.T
10895.E11.11.Psa.stel.1.20150502.M
10895.E4.11.Pod.sina.1.20150311.T
10895.E11.3.Por.loba.3.20150502.S
10895.E9.3.Por.loba.1.20150821.S
10895.E1.14.Phy.lich.1.20140801.S
10895.E9.19.Ech.aspe.1.20150820.T
10895.E1.5.Gal.astr.1.20140814.T
10895.E7.17.Myc.elep.1.20150622.M
10895.E5.21.Sco.sp.1.20150306.S
10895.E4.3.Gon.sp.1.20150312.T
10895.E11.2.Tub.sp.3.20150501.M
10895.BLANK.15.D12
10895.E3.17.Ech.horr.1.20150123.T
10895.E8.11.Lit.repa.2.20150723.M
10895.E9.17.Gon.sp.1.20150817.T
10895.E4.3.Por.lute.1.20150309.T
10895.E10.Alv.alli.3.20150628.M
10895.E9.Out.Mil.sp.1.20150818.M
10895.BLANK.7.C12
10895.E5.21.Sco.sp.2.20150306.T
10895.E4.Out.Tub.musi.1.20150325.TS
10895.E1.Out.Pal.caes.1.20140815.T
10895.E3.11.Fun.sp.1.20150127.M
10895.E1.3.Por.loba.1.20140905.M
10895.E3.14.Phy.lich.1.20150125.M
10895.E3.15.Dip.heli.2.20150106.S
10895.E4.20.Aca.echi.1.20150311.M
10895.E9.5.Gal.fasc.1.20150818.T
10895.E10.17.Gon.favu.2.20150630.M
10895.E3.6.Acr.hyac.3.20150123.T
10895.E1.5.Gal.astr.1.20140728.T
10895.BLANK.13.E9
10895.E3.6.Acr.hyac.2.20150123.S
10895.E3.19.Sym.sp.1.20150125.T
10895.E3.3.Por.cyli.1.20150123.S
10895.E11.7.Pav.giga.1.20150501.S
10895.E4.14.Ple.sinu.3.20150312.M
10895.E9.Out.Lob.sp.1.20150823.M
10895.E4.Sediment.1.20150310
10895.E9.7.Pav.sp.1.20150817.S
10895.E7.7.Pav.vari.2.20150622.M
10895.E1.19.Sym.sp.1.20140815.T
10895.E11.7.Pav.giga.2.20150501.M
10895.E1.Out.Mil.sp.1.20140731.M
10895.E4.6.Mon.tube.1.20150325.M
10895.E1.4.Pac.spec.1.20140801.M
10895.E10.Ser.cali.3.20150627.T
10895.E4.2.Tub.cocc.1.20150312.S
10895.E3.19.Sym.sp.1.20150127.S
10895.E10.Por.hero.3.20150628.M
10895.E4.17.Pla.daed.1.20150311.S
10895.E7.6.Acr.hyac.3.20150622.S
10895.E9.Out.Mil.sp.1.20150821.T
10895.E7.17.Pla.sine.3.20150622.T
10895.E9.7.Pav.vari.1.20150823.T
10895.E4.4.Pac.spec.1.20150325.T
10895.E1.Water.1.20140814
10895.E10.10.Sty.pist.2.20150630.T
10895.E9.Out.Sar.sp.1.20150821.S
10895.BLANK.5.4G
10895.E1.17.Fav.sp.1.20140811.T
10895.E9.4.Pac.spec.1.20150823.S
10895.E5.8.Ste.inte.4.20150307.S
10895.E7.6.Mon.aequ.3.20150620.S
10895.E10.Ser.cali.2.20150627.M
10895.E7.3.Por.loba.1.20150619.S
10895.E9.6.Mon.sp.1.20150817.M
10895.E4.7.Pav.vari.1.20150309.M
10895.E4.14.Ple.sinu.1.20150312.T
10895.E7.17.Cyp.micr.2.20150621.T
10895.E5.21.Sco.sp.1.20150306.M
10895.E7.17.Hyd.exes.2.20150622.S
10895.E11.3.Por.pana.1.20150501.T
10895.BLANK.5.4H
10895.BLANK.13.C9
10895.E3.6.Acr.hyac.1.20150121.T
10895.E11.10.Poc.eleg.4.20150502.S
10895.E7.17.Fav.abdi.2.20150623.T
10895.E7.17.Ech.lame.2.20150620.M
10895.E9.Out.Mil.sp.1.20150818.T
10895.E5.8.Ste.inte.2.20150307.T
10895.E3.Out.Mil.sp.2.20150125.S
10895.E1.11.Fun.sp.1.20140811.T
10895.E3.Out.Mil.sp.2.20150125.T
10895.E4.17.Ech.lame.1.20150310.T
10895.E10.Fav.abdi.1.20150629.M
10895.E1.6.Acr.humi.1.20140731.T
10895.E1.2.Tur.reni.1.20140814.T
10895.E10.Acr.pali.2.20150627.M
10895.E1.2.Tur.stel.1.20140805.S
10895.E9.7.Pav.veno.1.20150818.T
10895.E11.2.Tub.sp.4.20150501.M
10895.E4.11.Cos.moni.2.20150311.M
10895.E11.7.Pav.vari.2.20150502.T
10895.E1.10.Sty.pist.1.20140807.T
10895.E1.2.Tur.reni.1.20140814.S
10895.E3.15.Dip.heli.4.20150106.S
10895.E4.7.Pav.vari.1.20150311.M
10895.E10.17.Fav.pali.3.20150630.S
10895.E7.17.Myc.elep.1.20150622.S
10895.E3.17.Ech.mamm.1.20150129.S
10895.E11.7.Gar.plan.2.20150501.S
10895.E7.5.Gal.fasc.1.20150621.T
10895.E5.21.Dip.laby.1.20150307.T
10895.E9.2.Tur.fron.1.20150818.S
10895.E1.14.Phy.lich.1.20140811.M
10895.BLANK.11.G8
10895.E7.17.Hyd.exes.1.20150622.M
10895.E3.15.Dip.heli.3.20150106.T
10895.Sediment.20150823
10895.E11.7.Gar.plan.3.20150501.T
10895.E4.3.Gon.sp.1.20150309.S
10895.E11.7.Gar.plan.1.20150502.T
10895.E10.17.Fav.pali.1.20150630.S
10895.BLANK.4.6F
10895.E4.11.Cos.moni.1.20150311.M
10895.E3.15.Dip.heli.1.20150105.S
10895.E10.Por.hero.3.20150628.T
10895.E9.Out.Mil.sp.1.20150821.M
10895.E3.6.Acr.hyac.4.20150105.M
10895.E3.6.Acr.hyac.3.20150106.S
10895.E10.17.Gon.favu.2.20150630.T
10895.E1.4.Pac.spec.1.20140811.T
10895.E4.Out.Pal.tube.2.20150312.T
10895.BLANK.10.G8
10895.E3.6.Acr.hyac.1.20150105.S
10895.E9.6.Acr.sp.1.20150824.T
10895.E3.6.Acr.hyac.2.20150121.M
10895.E3.6.Acr.hyac.4.20150106.S
10895.E1.17.Ech.mamm.1.20140815.T
10895.E9.19.Ech.aspe.1.20150819.S
10895.BLANK.10.C8
10895.E9.9.Pse.taya.1.20150824.M
10895.E3.6.Acr.hyac.3.20150120.M
10895.E4.10.Poc.verr.1.20150305.S
10895.E3.17.Ech.horr.1.20150123.M
10895.E1.3.Por.loba.1.20140726.T
10895.E4.5.Gal.fasc.1.20150309.M
10895.E10.Acr.cyth.1.20150627.S
10895.E1.5.Gal.astr.1.20140905.T
10895.E4.Out.Mil.plat.1.20150309.M
10895.E5.Unk.Unk.Unkn.1.20150306.S
10895.E7.6.Mon.aequ.3.20150620.T
10895.E3.7.Pav.vari.2.20150124.T
10895.E10.17.Fav.pali.3.20150630.T
10895.E4.3.Gon.sp.1.20150312.S
10895.E1.Out.Mil.sp.1.20140814.T
10895.E11.2.Tub.sp.4.20150501.S
10895.E10.Aca.hill.2.20150629.M
10895.E5.16.Mon.cave.1.20150306.M
10895.E10.17.Mon.curt.3.20150629.S
10895.E4.Rob.Unk.spec.1.20150325.S
10895.BLANK.13.D9
10895.E3.5.Gal.astr.1.20150124.S
10895.E11.3.Por.pana.2.20150501.M
10895.E7.10.Ser.cali.2.20150622.T
10895.E3.15.Dip.heli.2.20150120.S
10895.E1.6.Acr.sp.1.20140726.M
10895.E7.17.Mer.ampl.3.20150621.T
10895.BLANK.9.D10
10895.E4.19.Sym.radi.1.20150309.S
10895.BLANK.2.11D
10895.E4.Unk.Unk.Unkn.1.20150311.T
10895.E5.16.Mon.cave.2.20150306.T
10895.E3.15.Dip.heli.4.20150105.S
10895.E4.6.Mon.tube.1.20150310.T
10895.E4.14.Ple.sinu.1.20150312.M
10895.E5.8.Ste.inte.5.20150307.S
10895.E10.Cyp.micr.1.20150627.T
10895.E8.17.Mer.ampl.1.20150723.M
10895.E9.9.Pse.taya.1.20150823.S
10895.E9.5.Gal.fasc.1.20150818.M
10895.E4.Out.Xen.umbe.1.20150311.T
10895.E4.5.Gal.fasc.1.20150312.S
10895.E3.15.Dip.heli.1.20150105.T
10895.E4.10.Poc.verr.1.20150309.S
10895.E6.Sed.1.20150520
10895.E3.15.Dip.heli.2.20150121.S
10895.unknown.1
10895.E9.3.Gon.sp.1.20150818.T
10895.E1.4.Pac.rugo.1.20140814.T
10895.E3.7.Pav.vari.2.20150124.S
10895.E1.11.Psa.cont.1.20140730.T
10895.E5.9.Sid.side.3.20150307.T
10895.E3.6.Acr.hyac.3.20150121.T
10895.E1.10.Poc.dami.1.20140728.T
10895.E5.17.Orb.fave.1.20150308.S
10895.E5.Sediment.1.20150306
10895.E1.17.Fav.sp.1.20140811.S
10895.E11.7.Pav.giga.2.20150501.T
10895.E10.Mon.curt.2.20150629.T
10895.E7.17.Pla.sine.3.20150622.S
10895.E6.Sed.2.20150520.1
10895.E9.2.Tur.sp.1.20150821.T
10895.E4.17.Gon.sp.1.20150311.S
10895.E3.Out.Pal.caes.1.20150125.M
10895.E4.2.Tur.stel.1.20150325.T
10895.BLANK.7.G12
10895.E1.3.Por.loba.1.20140726.S
10895.E3.17.Ech.mamm.1.20150127.T
10895.E1.11.Psa.cont.1.20140730.M
10895.E9.2.Tur.sp.1.20150821.M
10895.E4.10.Poc.verr.1.20150311.S
10895.E11.7.Pav.clav.4.20150501.S
10895.BLANK.13.H9
10895.E11.10.Poc.eleg.2.20150502.T
10895.E3.11.Fun.sp.1.20150125.S
10895.BLANK.6.2D
10895.E1.5.Gal.astr.1.20140807.M
10895.E4.19.Sym.eryt.1.20150305.T
10895.E4.10.Poc.verr.1.20150305.M
10895.E5.16.Mon.cave.2.20150306.M
10895.E6.Sed.1.20150520.1
10895.E4.17.Myc.elep.1.20150311.M
10895.E3.3.Por.cyli.2.20150123.S
10895.BLANK.11.H8
10895.E3.6.Acr.hyac.2.20150106.M
10895.E4.19.Sym.eryt.1.20150325.S
10895.E4.15.Dip.heli.1.20150309.S
10895.E7.17.Pla.sine.2.20150622.T
10895.E4.7.Pav.fron.1.20150312.M
10895.E1.10.Poc.dami.1.20140728.S
10895.E5.8.Ste.inte.1.20150307.T
10895.E7.17.Mer.ampl.3.20150621.S
10895.E3.6.Acr.hyac.1.20150118.M
10895.E5.17.Orb.fave.2.20150305.T
10895.E1.Sediment.1.20140811
10895.E4.2.Tur.stel.1.20150325.M
10895.E10.Acr.cyth.1.20150627.M
10895.E9.19.Ech.aspe.1.20150820.S
10895.E3.6.Acr.hyac.1.20150120.S
10895.E1.19.Sym.sp.1.20140814.M
10895.E6.Sed.2.20150521.1
10895.E11.11.Psa.stel.3.20150502.M
10895.E7.6.Mon.aequ.3.20150620.M
10895.E5.17.Orb.annu.2.20150305.S
10895.E4.20.Aca.echi.1.20150311.T
10895.E1.7.Pav.veno.1.20140809.M
10895.E9.17.Lep.phry.1.20150819.T
10895.E4.11.Pod.sina.1.20150311.M
10895.BLANK.6.4F
10895.E10.Alv.alli.1.20150628.S
10895.E4.6.Mon.tube.1.20150325.T
10895.E3.7.Pav.vari.2.20150124.M
10895.E9.10.Poc.dami.1.20150824.T
10895.E8.17.Ech.lame.1.20150723.M
10895.E7.3.Por.loba.2.20150619.M
10895.E3.Out.Mil.sp.1.20150125.S
10895.BLANK.8.D11
10895.E9.11.Fun.sp.1.20150823.T
10895.E5.8.Ste.inte.3.20150307.S
10895.E7.17.Hyd.exes.2.20150622.T
10895.E3.10.Sty.pist.1.20150124.S
10895.E1.6.Acr.sp.1.20140905.M
10895.E11.3.Por.loba.4.20150502.T
10895.E1.19.Sym.sp.1.20140724.S
10895.E7.17.Fav.spC.1.20150623.S
10895.E3.6.Acr.hyac.1.20150121.S
10895.E10.Alv.alli.2.20150628.M
